[[1;34mINFO[m] Scanning for projects...
Downloading from sonatype-nexus-snapshots: https://oss.sonatype.org/content/repositories/snapshots/com/fasterxml/jackson/jackson-base/2.17.4-SNAPSHOT/maven-metadata.xml
Downloading from sonatype-nexus-snapshots: https://oss.sonatype.org/content/repositories/snapshots/com/fasterxml/jackson/jackson-bom/2.17.4-SNAPSHOT/maven-metadata.xml
[[1;34mINFO[m] Inspecting build with total of 1 modules...
[[1;34mINFO[m] Installing Nexus Staging features:
[[1;34mINFO[m]   ... total of 1 executions of maven-deploy-plugin replaced with nexus-staging-maven-plugin
[[1;34mINFO[m] 
[[1;34mINFO[m] [1m------< [0;36mcom.fasterxml.jackson.dataformat:jackson-dataformat-xml[0;1m >-------[m
[[1;34mINFO[m] [1mBuilding Jackson-dataformat-XML 2.17.4-SNAPSHOT[m
[[1;34mINFO[m] [1m--------------------------------[ jar ]---------------------------------[m
Downloading from sonatype-nexus-snapshots: https://oss.sonatype.org/content/repositories/snapshots/com/fasterxml/jackson/core/jackson-core/2.17.4-SNAPSHOT/maven-metadata.xml
Downloading from sonatype-nexus-snapshots: https://oss.sonatype.org/content/repositories/snapshots/com/fasterxml/jackson/core/jackson-annotations/2.17.4-SNAPSHOT/maven-metadata.xml
Downloading from sonatype-nexus-snapshots: https://oss.sonatype.org/content/repositories/snapshots/com/fasterxml/jackson/core/jackson-databind/2.17.4-SNAPSHOT/maven-metadata.xml
Downloading from sonatype-nexus-snapshots: https://oss.sonatype.org/content/repositories/snapshots/com/fasterxml/jackson/module/jackson-module-jakarta-xmlbind-annotations/2.17.4-SNAPSHOT/maven-metadata.xml
Downloading from sonatype-nexus-snapshots: https://oss.sonatype.org/content/repositories/snapshots/com/fasterxml/jackson/module/jackson-modules-base/2.17.4-SNAPSHOT/maven-metadata.xml
[[1;34mINFO[m] 
[[1;34mINFO[m] [1m--- [0;32mmaven-clean-plugin:3.3.2:clean[m [1m(default-clean)[m @ [36mjackson-dataformat-xml[0;1m ---[m
[[1;34mINFO[m] Deleting /home/jackson-dataformat-xml/target
[[1;34mINFO[m] 
[[1;34mINFO[m] [1m--- [0;32mmaven-enforcer-plugin:3.4.1:enforce[m [1m(enforce-java)[m @ [36mjackson-dataformat-xml[0;1m ---[m
[[1;34mINFO[m] Rule 0: org.apache.maven.enforcer.rules.version.RequireJavaVersion passed
[[1;34mINFO[m] Rule 1: org.apache.maven.enforcer.rules.version.RequireMavenVersion passed
[[1;34mINFO[m] Rule 2: org.apache.maven.enforcer.rules.RequirePluginVersions passed
[[1;34mINFO[m] 
[[1;34mINFO[m] [1m--- [0;32mjacoco-maven-plugin:0.8.11:prepare-agent[m [1m(default)[m @ [36mjackson-dataformat-xml[0;1m ---[m
[[1;34mINFO[m] argLine set to -javaagent:/root/.m2/repository/org/jacoco/org.jacoco.agent/0.8.11/org.jacoco.agent-0.8.11-runtime.jar=destfile=/home/jackson-dataformat-xml/target/jacoco.exec
[[1;34mINFO[m] 
[[1;34mINFO[m] [1m--- [0;32mbuild-helper-maven-plugin:3.5.0:add-source[m [1m(add-generated-sources)[m @ [36mjackson-dataformat-xml[0;1m ---[m
[[1;34mINFO[m] Source directory: /home/jackson-dataformat-xml/target/generated-sources added.
[[1;34mINFO[m] 
[[1;34mINFO[m] [1m--- [0;32mreplacer:1.5.3:replace[m [1m(process-packageVersion)[m @ [36mjackson-dataformat-xml[0;1m ---[m
[[1;34mINFO[m] Replacement run on 1 file.
[[1;34mINFO[m] 
[[1;34mINFO[m] [1m--- [0;32mbuild-helper-maven-plugin:3.5.0:add-resource[m [1m(add-resource)[m @ [36mjackson-dataformat-xml[0;1m ---[m
[[1;34mINFO[m] 
[[1;34mINFO[m] [1m--- [0;32mmaven-resources-plugin:3.3.1:resources[m [1m(default-resources)[m @ [36mjackson-dataformat-xml[0;1m ---[m
[[1;34mINFO[m] Copying 4 resources from src/main/resources to target/classes
[[1;34mINFO[m] Copying 1 resource from  to target/classes/META-INF
[[1;34mINFO[m] 
[[1;34mINFO[m] [1m--- [0;32mmaven-compiler-plugin:3.12.1:compile[m [1m(default-compile)[m @ [36mjackson-dataformat-xml[0;1m ---[m
[[1;34mINFO[m] Recompiling the module because of [1mchanged source code[m.
[[1;34mINFO[m] Compiling 44 source files with javac [debug:lines,source,vars deprecation target 1.8] to target/classes
[[1;34mINFO[m] 
[[1;34mINFO[m] [1m--- [0;32mmaven-bundle-plugin:5.1.9:manifest[m [1m(bundle-manifest)[m @ [36mjackson-dataformat-xml[0;1m ---[m
[[1;34mINFO[m] No MANIFEST.MF file found, generating manifest.
[[1;34mINFO[m] Writing manifest: /home/jackson-dataformat-xml/target/classes/META-INF/MANIFEST.MF
[[1;34mINFO[m] 
[[1;34mINFO[m] [1m--- [0;32mmaven-resources-plugin:3.3.1:testResources[m [1m(default-testResources)[m @ [36mjackson-dataformat-xml[0;1m ---[m
[[1;34mINFO[m] Copying 5 resources from src/test/resources to target/test-classes
[[1;34mINFO[m] 
[[1;34mINFO[m] [1m--- [0;32mmaven-compiler-plugin:3.12.1:testCompile[m [1m(default-testCompile)[m @ [36mjackson-dataformat-xml[0;1m ---[m
[[1;34mINFO[m] Recompiling the module because of [1mchanged dependency[m.
[[1;34mINFO[m] Compiling 148 source files with javac [debug:lines,source,vars deprecation target 1.8] to target/test-classes
[[1;34mINFO[m] 
[[1;34mINFO[m] [1m--- [0;32mmaven-surefire-plugin:3.2.5:test[m [1m(default-test)[m @ [36mjackson-dataformat-xml[0;1m ---[m
[[1;34mINFO[m] Using auto detected provider org.apache.maven.surefire.junit4.JUnit4Provider
[[1;34mINFO[m] 
[[1;34mINFO[m] -------------------------------------------------------
[[1;34mINFO[m]  T E S T S
[[1;34mINFO[m] -------------------------------------------------------
[[1;34mINFO[m] Running com.fasterxml.jackson.dataformat.xml.interop.[1mNonWoodstoxStaxImpl482Test[m
[[1;34mINFO[m] [1;32mTests run: [0;1;32m2[m, Failures: 0, Errors: 0, Skipped: 0, Time elapsed: 0.780 s -- in com.fasterxml.jackson.dataformat.xml.interop.[1mNonWoodstoxStaxImpl482Test[m
[[1;34mINFO[m] Running com.fasterxml.jackson.dataformat.xml.incr.[1mIncrementalWritingTest[m
[[1;34mINFO[m] [1;32mTests run: [0;1;32m2[m, Failures: 0, Errors: 0, Skipped: 0, Time elapsed: 0.074 s -- in com.fasterxml.jackson.dataformat.xml.incr.[1mIncrementalWritingTest[m
[[1;34mINFO[m] Running com.fasterxml.jackson.dataformat.xml.incr.[1mPartialReadTest[m
[[1;34mINFO[m] [1;32mTests run: [0;1;32m2[m, Failures: 0, Errors: 0, Skipped: 0, Time elapsed: 0.062 s -- in com.fasterxml.jackson.dataformat.xml.incr.[1mPartialReadTest[m
[[1;34mINFO[m] Running com.fasterxml.jackson.dataformat.xml.stream.[1mXmlParserTest[m
[[1;34mINFO[m] [1;32mTests run: [0;1;32m10[m, Failures: 0, Errors: 0, Skipped: 0, Time elapsed: 0.036 s -- in com.fasterxml.jackson.dataformat.xml.stream.[1mXmlParserTest[m
[[1;34mINFO[m] Running com.fasterxml.jackson.dataformat.xml.stream.[1mXmlTokenStreamTest[m
[[1;34mINFO[m] [1;32mTests run: [0;1;32m6[m, Failures: 0, Errors: 0, Skipped: 0, Time elapsed: 0.016 s -- in com.fasterxml.jackson.dataformat.xml.stream.[1mXmlTokenStreamTest[m
[[1;34mINFO[m] Running com.fasterxml.jackson.dataformat.xml.stream.dos.[1mDeepNestingParserTest[m
[[1;34mINFO[m] [1;32mTests run: [0;1;32m1[m, Failures: 0, Errors: 0, Skipped: 0, Time elapsed: 0.032 s -- in com.fasterxml.jackson.dataformat.xml.stream.dos.[1mDeepNestingParserTest[m
[[1;34mINFO[m] Running com.fasterxml.jackson.dataformat.xml.stream.[1mFormatDetectionTest[m
[[1;34mINFO[m] [1;32mTests run: [0;1;32m8[m, Failures: 0, Errors: 0, Skipped: 0, Time elapsed: 0.069 s -- in com.fasterxml.jackson.dataformat.xml.stream.[1mFormatDetectionTest[m
[[1;34mINFO[m] Running com.fasterxml.jackson.dataformat.xml.stream.[1mXmlParserNextXxxTest[m
[[1;34mINFO[m] [1;32mTests run: [0;1;32m1[m, Failures: 0, Errors: 0, Skipped: 0, Time elapsed: 0.002 s -- in com.fasterxml.jackson.dataformat.xml.stream.[1mXmlParserNextXxxTest[m
[[1;34mINFO[m] Running com.fasterxml.jackson.dataformat.xml.stream.[1mXmlGeneratorTest[m
[[1;34mINFO[m] [1;32mTests run: [0;1;32m15[m, Failures: 0, Errors: 0, Skipped: 0, Time elapsed: 0.012 s -- in com.fasterxml.jackson.dataformat.xml.stream.[1mXmlGeneratorTest[m
[[1;34mINFO[m] Running com.fasterxml.jackson.dataformat.xml.stream.[1mXmlParser442Test[m
[[1;34mINFO[m] [1;32mTests run: [0;1;32m1[m, Failures: 0, Errors: 0, Skipped: 0, Time elapsed: 0.003 s -- in com.fasterxml.jackson.dataformat.xml.stream.[1mXmlParser442Test[m
[[1;34mINFO[m] Running com.fasterxml.jackson.dataformat.xml.stream.[1mStreamCapabilitiesTest[m
[[1;34mINFO[m] [1;32mTests run: [0;1;32m1[m, Failures: 0, Errors: 0, Skipped: 0, Time elapsed: 0.003 s -- in com.fasterxml.jackson.dataformat.xml.stream.[1mStreamCapabilitiesTest[m
[[1;34mINFO[m] Running com.fasterxml.jackson.dataformat.xml.deser.[1mTestViews[m
[[1;34mINFO[m] [1;32mTests run: [0;1;32m3[m, Failures: 0, Errors: 0, Skipped: 0, Time elapsed: 0.014 s -- in com.fasterxml.jackson.dataformat.xml.deser.[1mTestViews[m
[[1;34mINFO[m] Running com.fasterxml.jackson.dataformat.xml.deser.[1mDeserErrorHandling236Test[m
[[1;34mINFO[m] [1;32mTests run: [0;1;32m1[m, Failures: 0, Errors: 0, Skipped: 0, Time elapsed: 0.005 s -- in com.fasterxml.jackson.dataformat.xml.deser.[1mDeserErrorHandling236Test[m
[[1;34mINFO[m] Running com.fasterxml.jackson.dataformat.xml.deser.builder.[1mBuilderSimpleTest[m
[[1;34mINFO[m] [1;32mTests run: [0;1;32m9[m, Failures: 0, Errors: 0, Skipped: 0, Time elapsed: 0.045 s -- in com.fasterxml.jackson.dataformat.xml.deser.builder.[1mBuilderSimpleTest[m
[[1;34mINFO[m] Running com.fasterxml.jackson.dataformat.xml.deser.builder.[1mBuilderWithXmlText345Test[m
[[1;34mINFO[m] [1;32mTests run: [0;1;32m1[m, Failures: 0, Errors: 0, Skipped: 0, Time elapsed: 0.005 s -- in com.fasterxml.jackson.dataformat.xml.deser.builder.[1mBuilderWithXmlText345Test[m
[[1;34mINFO[m] Running com.fasterxml.jackson.dataformat.xml.deser.[1mNullConversionsSkipTest[m
[[1;34mINFO[m] [1;32mTests run: [0;1;32m5[m, Failures: 0, Errors: 0, Skipped: 0, Time elapsed: 0.010 s -- in com.fasterxml.jackson.dataformat.xml.deser.[1mNullConversionsSkipTest[m
[[1;34mINFO[m] Running com.fasterxml.jackson.dataformat.xml.deser.[1mMapWithDupsDeser498Test[m
[[1;34mINFO[m] [1;32mTests run: [0;1;32m1[m, Failures: 0, Errors: 0, Skipped: 0, Time elapsed: 0.019 s -- in com.fasterxml.jackson.dataformat.xml.deser.[1mMapWithDupsDeser498Test[m
[[1;34mINFO[m] Running com.fasterxml.jackson.dataformat.xml.deser.[1mXsiNilForStringsTest[m
[[1;34mINFO[m] [1;32mTests run: [0;1;32m2[m, Failures: 0, Errors: 0, Skipped: 0, Time elapsed: 0.002 s -- in com.fasterxml.jackson.dataformat.xml.deser.[1mXsiNilForStringsTest[m
[[1;34mINFO[m] Running com.fasterxml.jackson.dataformat.xml.deser.[1mXsiNilNestingTest[m
[[1;34mINFO[m] [1;32mTests run: [0;1;32m1[m, Failures: 0, Errors: 0, Skipped: 0, Time elapsed: 0.001 s -- in com.fasterxml.jackson.dataformat.xml.deser.[1mXsiNilNestingTest[m
[[1;34mINFO[m] Running com.fasterxml.jackson.dataformat.xml.deser.[1mDelegatingCreator254Test[m
[[1;34mINFO[m] [1;32mTests run: [0;1;32m1[m, Failures: 0, Errors: 0, Skipped: 0, Time elapsed: 0.002 s -- in com.fasterxml.jackson.dataformat.xml.deser.[1mDelegatingCreator254Test[m
[[1;34mINFO[m] Running com.fasterxml.jackson.dataformat.xml.deser.[1mSimpleStringValuesTest[m
[[1;34mINFO[m] [1;32mTests run: [0;1;32m7[m, Failures: 0, Errors: 0, Skipped: 0, Time elapsed: 0.019 s -- in com.fasterxml.jackson.dataformat.xml.deser.[1mSimpleStringValuesTest[m
[[1;34mINFO[m] Running com.fasterxml.jackson.dataformat.xml.deser.[1mIssue274PropertyNameTest[m
[[1;34mINFO[m] [1;32mTests run: [0;1;32m1[m, Failures: 0, Errors: 0, Skipped: 0, Time elapsed: 0.008 s -- in com.fasterxml.jackson.dataformat.xml.deser.[1mIssue274PropertyNameTest[m
[[1;34mINFO[m] Running com.fasterxml.jackson.dataformat.xml.deser.[1mEnumDeserTest[m
[[1;34mINFO[m] [1;32mTests run: [0;1;32m2[m, Failures: 0, Errors: 0, Skipped: 0, Time elapsed: 0.015 s -- in com.fasterxml.jackson.dataformat.xml.deser.[1mEnumDeserTest[m
[[1;34mINFO[m] Running com.fasterxml.jackson.dataformat.xml.deser.[1mXsiNilBasicTest[m
[[1;34mINFO[m] [1;32mTests run: [0;1;32m8[m, Failures: 0, Errors: 0, Skipped: 0, Time elapsed: 0.010 s -- in com.fasterxml.jackson.dataformat.xml.deser.[1mXsiNilBasicTest[m
[[1;34mINFO[m] Running com.fasterxml.jackson.dataformat.xml.deser.creator.[1mNestedSingleArgCtors547Test[m
[[1;34mINFO[m] [1;32mTests run: [0;1;32m2[m, Failures: 0, Errors: 0, Skipped: 0, Time elapsed: 0.054 s -- in com.fasterxml.jackson.dataformat.xml.deser.creator.[1mNestedSingleArgCtors547Test[m
[[1;34mINFO[m] Running com.fasterxml.jackson.dataformat.xml.deser.creator.[1mNoArgCtorDeser491Test[m
[[1;34mINFO[m] [1;32mTests run: [0;1;32m2[m, Failures: 0, Errors: 0, Skipped: 0, Time elapsed: 0.027 s -- in com.fasterxml.jackson.dataformat.xml.deser.creator.[1mNoArgCtorDeser491Test[m
[[1;34mINFO[m] Running com.fasterxml.jackson.dataformat.xml.deser.creator.[1mPojoWithCreatorRequired538Test[m
[[1;34mINFO[m] [1;32mTests run: [0;1;32m1[m, Failures: 0, Errors: 0, Skipped: 0, Time elapsed: 0.017 s -- in com.fasterxml.jackson.dataformat.xml.deser.creator.[1mPojoWithCreatorRequired538Test[m
[[1;34mINFO[m] Running com.fasterxml.jackson.dataformat.xml.deser.[1mTypeAttributeOrder242Test[m
[[1;34mINFO[m] [1;32mTests run: [0;1;32m1[m, Failures: 0, Errors: 0, Skipped: 0, Time elapsed: 0.017 s -- in com.fasterxml.jackson.dataformat.xml.deser.[1mTypeAttributeOrder242Test[m
[[1;34mINFO[m] Running com.fasterxml.jackson.dataformat.xml.deser.[1mXsiTypeReadTest[m
[[1;34mINFO[m] [1;32mTests run: [0;1;32m2[m, Failures: 0, Errors: 0, Skipped: 0, Time elapsed: 0.045 s -- in com.fasterxml.jackson.dataformat.xml.deser.[1mXsiTypeReadTest[m
[[1;34mINFO[m] Running com.fasterxml.jackson.dataformat.xml.deser.convert.[1mCoerceToBooleanTest[m
[[1;34mINFO[m] [1;32mTests run: [0;1;32m3[m, Failures: 0, Errors: 0, Skipped: 0, Time elapsed: 0.011 s -- in com.fasterxml.jackson.dataformat.xml.deser.convert.[1mCoerceToBooleanTest[m
[[1;34mINFO[m] Running com.fasterxml.jackson.dataformat.xml.deser.convert.[1mCoerceStringToIntsTest[m
[[1;34mINFO[m] [1;32mTests run: [0;1;32m6[m, Failures: 0, Errors: 0, Skipped: 0, Time elapsed: 0.101 s -- in com.fasterxml.jackson.dataformat.xml.deser.convert.[1mCoerceStringToIntsTest[m
[[1;34mINFO[m] Running com.fasterxml.jackson.dataformat.xml.deser.[1mDefaultTyping325Test[m
[[1;34mINFO[m] [1;32mTests run: [0;1;32m1[m, Failures: 0, Errors: 0, Skipped: 0, Time elapsed: 0 s -- in com.fasterxml.jackson.dataformat.xml.deser.[1mDefaultTyping325Test[m
[[1;34mINFO[m] Running com.fasterxml.jackson.dataformat.xml.deser.[1mTestBinaryData[m
[[1;34mINFO[m] [1;32mTests run: [0;1;32m1[m, Failures: 0, Errors: 0, Skipped: 0, Time elapsed: 0.005 s -- in com.fasterxml.jackson.dataformat.xml.deser.[1mTestBinaryData[m
[[1;34mINFO[m] Running com.fasterxml.jackson.dataformat.xml.deser.[1mCoerceFromEmptyStringTest[m
[[1;34mINFO[m] [1;32mTests run: [0;1;32m5[m, Failures: 0, Errors: 0, Skipped: 0, Time elapsed: 0.018 s -- in com.fasterxml.jackson.dataformat.xml.deser.[1mCoerceFromEmptyStringTest[m
[[1;34mINFO[m] Running com.fasterxml.jackson.dataformat.xml.deser.[1mElementWithScalarAndAttr412Test[m
[[1;34mINFO[m] [1;32mTests run: [0;1;32m7[m, Failures: 0, Errors: 0, Skipped: 0, Time elapsed: 0.049 s -- in com.fasterxml.jackson.dataformat.xml.deser.[1mElementWithScalarAndAttr412Test[m
[[1;34mINFO[m] Running com.fasterxml.jackson.dataformat.xml.deser.[1mMapDeserializationTest[m
[[1;34mINFO[m] [1;32mTests run: [0;1;32m1[m, Failures: 0, Errors: 0, Skipped: 0, Time elapsed: 0.002 s -- in com.fasterxml.jackson.dataformat.xml.deser.[1mMapDeserializationTest[m
[[1;34mINFO[m] Running com.fasterxml.jackson.dataformat.xml.deser.[1mEmptyWithScalarsTest[m
[[1;34mINFO[m] [1;32mTests run: [0;1;32m6[m, Failures: 0, Errors: 0, Skipped: 0, Time elapsed: 0.023 s -- in com.fasterxml.jackson.dataformat.xml.deser.[1mEmptyWithScalarsTest[m
[[1;34mINFO[m] Running com.fasterxml.jackson.dataformat.xml.deser.[1mEmptyStringValueTest[m
[[1;34mINFO[m] [1;32mTests run: [0;1;32m5[m, Failures: 0, Errors: 0, Skipped: 0, Time elapsed: 0.008 s -- in com.fasterxml.jackson.dataformat.xml.deser.[1mEmptyStringValueTest[m
[[1;34mINFO[m] Running com.fasterxml.jackson.dataformat.xml.deser.[1mUntypedObjectDeserTest[m
[[1;34mINFO[m] [1;32mTests run: [0;1;32m3[m, Failures: 0, Errors: 0, Skipped: 0, Time elapsed: 0.019 s -- in com.fasterxml.jackson.dataformat.xml.deser.[1mUntypedObjectDeserTest[m
[[1;34mINFO[m] Running com.fasterxml.jackson.dataformat.xml.deser.[1mRootValueDeserTest[m
[[1;34mINFO[m] [1;32mTests run: [0;1;32m2[m, Failures: 0, Errors: 0, Skipped: 0, Time elapsed: 0.035 s -- in com.fasterxml.jackson.dataformat.xml.deser.[1mRootValueDeserTest[m
[[1;34mINFO[m] Running com.fasterxml.jackson.dataformat.xml.deser.[1mEmptyBeanDeser318Test[m
[[1;34mINFO[m] [1;32mTests run: [0;1;32m6[m, Failures: 0, Errors: 0, Skipped: 0, Time elapsed: 0.016 s -- in com.fasterxml.jackson.dataformat.xml.deser.[1mEmptyBeanDeser318Test[m
[[1;34mINFO[m] Running com.fasterxml.jackson.dataformat.xml.deser.[1mExceptionDeserializationTest[m
[[1;34mINFO[m] [1;32mTests run: [0;1;32m1[m, Failures: 0, Errors: 0, Skipped: 0, Time elapsed: 0.044 s -- in com.fasterxml.jackson.dataformat.xml.deser.[1mExceptionDeserializationTest[m
[[1;34mINFO[m] Running com.fasterxml.jackson.dataformat.xml.deser.[1mNumberDeserWithXMLTest[m
[[1;34mINFO[m] [1;32mTests run: [0;1;32m6[m, Failures: 0, Errors: 0, Skipped: 0, Time elapsed: 0.042 s -- in com.fasterxml.jackson.dataformat.xml.deser.[1mNumberDeserWithXMLTest[m
[[1;34mINFO[m] Running com.fasterxml.jackson.dataformat.xml.deser.[1mCaseInsensitiveDeserTest[m
[[1;34mINFO[m] [1;32mTests run: [0;1;32m2[m, Failures: 0, Errors: 0, Skipped: 0, Time elapsed: 0.006 s -- in com.fasterxml.jackson.dataformat.xml.deser.[1mCaseInsensitiveDeserTest[m
[[1;34mINFO[m] Running com.fasterxml.jackson.dataformat.xml.misc.[1mSequenceWrite493Test[m
[[1;34mINFO[m] [1;32mTests run: [0;1;32m1[m, Failures: 0, Errors: 0, Skipped: 0, Time elapsed: 0.002 s -- in com.fasterxml.jackson.dataformat.xml.misc.[1mSequenceWrite493Test[m
[[1;34mINFO[m] Running com.fasterxml.jackson.dataformat.xml.misc.[1mDTDSupportTest[m
[[1;34mINFO[m] [1;32mTests run: [0;1;32m1[m, Failures: 0, Errors: 0, Skipped: 0, Time elapsed: 0.002 s -- in com.fasterxml.jackson.dataformat.xml.misc.[1mDTDSupportTest[m
[[1;34mINFO[m] Running com.fasterxml.jackson.dataformat.xml.misc.[1mXmlTextTest[m
[[1;34mINFO[m] [1;32mTests run: [0;1;32m4[m, Failures: 0, Errors: 0, Skipped: 0, Time elapsed: 0.004 s -- in com.fasterxml.jackson.dataformat.xml.misc.[1mXmlTextTest[m
[[1;34mINFO[m] Running com.fasterxml.jackson.dataformat.xml.misc.[1mObjectId104Test[m
[[1;34mINFO[m] [1;32mTests run: [0;1;32m1[m, Failures: 0, Errors: 0, Skipped: 0, Time elapsed: 0.007 s -- in com.fasterxml.jackson.dataformat.xml.misc.[1mObjectId104Test[m
[[1;34mINFO[m] Running com.fasterxml.jackson.dataformat.xml.misc.[1mBadEncodingTest[m
[[1;34mINFO[m] [1;32mTests run: [0;1;32m1[m, Failures: 0, Errors: 0, Skipped: 0, Time elapsed: 0.002 s -- in com.fasterxml.jackson.dataformat.xml.misc.[1mBadEncodingTest[m
[[1;34mINFO[m] Running com.fasterxml.jackson.dataformat.xml.misc.[1mPolymorphicTypesTest[m
[[1;34mINFO[m] [1;32mTests run: [0;1;32m4[m, Failures: 0, Errors: 0, Skipped: 0, Time elapsed: 0.021 s -- in com.fasterxml.jackson.dataformat.xml.misc.[1mPolymorphicTypesTest[m
[[1;34mINFO[m] Running com.fasterxml.jackson.dataformat.xml.misc.[1mRootNameWrapping374Test[m
[[1;34mINFO[m] [1;32mTests run: [0;1;32m3[m, Failures: 0, Errors: 0, Skipped: 0, Time elapsed: 0.013 s -- in com.fasterxml.jackson.dataformat.xml.misc.[1mRootNameWrapping374Test[m
[[1;34mINFO[m] Running com.fasterxml.jackson.dataformat.xml.misc.[1mTagEscapeTest[m
[[1;34mINFO[m] [1;32mTests run: [0;1;32m5[m, Failures: 0, Errors: 0, Skipped: 0, Time elapsed: 0.063 s -- in com.fasterxml.jackson.dataformat.xml.misc.[1mTagEscapeTest[m
[[1;34mINFO[m] Running com.fasterxml.jackson.dataformat.xml.misc.[1mUnwrappedJsonIdentityConflict286Test[m
[[1;34mINFO[m] [1;32mTests run: [0;1;32m1[m, Failures: 0, Errors: 0, Skipped: 0, Time elapsed: 0.002 s -- in com.fasterxml.jackson.dataformat.xml.misc.[1mUnwrappedJsonIdentityConflict286Test[m
[[1;34mINFO[m] Running com.fasterxml.jackson.dataformat.xml.misc.[1mRootNameTest[m
[[1;34mINFO[m] [1;32mTests run: [0;1;32m3[m, Failures: 0, Errors: 0, Skipped: 0, Time elapsed: 0.019 s -- in com.fasterxml.jackson.dataformat.xml.misc.[1mRootNameTest[m
[[1;34mINFO[m] Running com.fasterxml.jackson.dataformat.xml.misc.[1mUnwrappingWithXMLTest[m
[[1;34mINFO[m] [1;32mTests run: [0;1;32m3[m, Failures: 0, Errors: 0, Skipped: 0, Time elapsed: 0.023 s -- in com.fasterxml.jackson.dataformat.xml.misc.[1mUnwrappingWithXMLTest[m
[[1;34mINFO[m] Running com.fasterxml.jackson.dataformat.xml.misc.[1mTextValueTest[m
[[1;34mINFO[m] [1;32mTests run: [0;1;32m6[m, Failures: 0, Errors: 0, Skipped: 0, Time elapsed: 0.111 s -- in com.fasterxml.jackson.dataformat.xml.misc.[1mTextValueTest[m
[[1;34mINFO[m] Running com.fasterxml.jackson.dataformat.xml.misc.[1mArrayConversionsTest[m
[[1;34mINFO[m] [1;32mTests run: [0;1;32m8[m, Failures: 0, Errors: 0, Skipped: 0, Time elapsed: 0.045 s -- in com.fasterxml.jackson.dataformat.xml.misc.[1mArrayConversionsTest[m
[[1;34mINFO[m] Running com.fasterxml.jackson.dataformat.xml.misc.[1mStreamingDecoratorsTest[m
[[1;34mINFO[m] [1;32mTests run: [0;1;32m2[m, Failures: 0, Errors: 0, Skipped: 0, Time elapsed: 0.008 s -- in com.fasterxml.jackson.dataformat.xml.misc.[1mStreamingDecoratorsTest[m
[[1;34mINFO[m] Running com.fasterxml.jackson.dataformat.xml.jaxb.[1mWithJAXBAnnotationsTest[m
[[1;34mINFO[m] [1;32mTests run: [0;1;32m4[m, Failures: 0, Errors: 0, Skipped: 0, Time elapsed: 0.038 s -- in com.fasterxml.jackson.dataformat.xml.jaxb.[1mWithJAXBAnnotationsTest[m
[[1;34mINFO[m] Running com.fasterxml.jackson.dataformat.xml.jaxb.[1mJAXBObjectId170Test[m
[[1;34mINFO[m] [1;32mTests run: [0;1;32m1[m, Failures: 0, Errors: 0, Skipped: 0, Time elapsed: 0.009 s -- in com.fasterxml.jackson.dataformat.xml.jaxb.[1mJAXBObjectId170Test[m
[[1;34mINFO[m] Running com.fasterxml.jackson.dataformat.xml.jaxb.[1mElementWrapperTest[m
[[1;34mINFO[m] [1;32mTests run: [0;1;32m2[m, Failures: 0, Errors: 0, Skipped: 0, Time elapsed: 0.005 s -- in com.fasterxml.jackson.dataformat.xml.jaxb.[1mElementWrapperTest[m
[[1;34mINFO[m] Running com.fasterxml.jackson.dataformat.xml.jaxb.[1mNamespaceViaJAXB18Test[m
[[1;34mINFO[m] [1;32mTests run: [0;1;32m1[m, Failures: 0, Errors: 0, Skipped: 0, Time elapsed: 0.002 s -- in com.fasterxml.jackson.dataformat.xml.jaxb.[1mNamespaceViaJAXB18Test[m
[[1;34mINFO[m] Running com.fasterxml.jackson.dataformat.xml.jaxb.[1mAttributesWithJAXBTest[m
[[1;34mINFO[m] [1;32mTests run: [0;1;32m2[m, Failures: 0, Errors: 0, Skipped: 0, Time elapsed: 0.003 s -- in com.fasterxml.jackson.dataformat.xml.jaxb.[1mAttributesWithJAXBTest[m
[[1;34mINFO[m] Running com.fasterxml.jackson.dataformat.xml.jaxb.[1mJaxbXmlValue418Test[m
[[1;34mINFO[m] [1;32mTests run: [0;1;32m2[m, Failures: 0, Errors: 0, Skipped: 0, Time elapsed: 0.003 s -- in com.fasterxml.jackson.dataformat.xml.jaxb.[1mJaxbXmlValue418Test[m
[[1;34mINFO[m] Running com.fasterxml.jackson.dataformat.xml.jaxb.[1mBuilderWithJAXB291Test[m
[[1;34mINFO[m] [1;32mTests run: [0;1;32m1[m, Failures: 0, Errors: 0, Skipped: 0, Time elapsed: 0.003 s -- in com.fasterxml.jackson.dataformat.xml.jaxb.[1mBuilderWithJAXB291Test[m
[[1;34mINFO[m] Running com.fasterxml.jackson.dataformat.xml.[1mVersionInfoTest[m
[[1;34mINFO[m] [1;32mTests run: [0;1;32m1[m, Failures: 0, Errors: 0, Skipped: 0, Time elapsed: 0.001 s -- in com.fasterxml.jackson.dataformat.xml.[1mVersionInfoTest[m
[[1;34mINFO[m] Running com.fasterxml.jackson.dataformat.xml.adapters.[1mTestIssue47Attribute[m
[[1;34mINFO[m] [1;32mTests run: [0;1;32m1[m, Failures: 0, Errors: 0, Skipped: 0, Time elapsed: 0 s -- in com.fasterxml.jackson.dataformat.xml.adapters.[1mTestIssue47Attribute[m
[[1;34mINFO[m] Running com.fasterxml.jackson.dataformat.xml.lists.[1mListWithAttributesDeserTest[m
[[1;34mINFO[m] [1;32mTests run: [0;1;32m8[m, Failures: 0, Errors: 0, Skipped: 0, Time elapsed: 0.042 s -- in com.fasterxml.jackson.dataformat.xml.lists.[1mListWithAttributesDeserTest[m
[[1;34mINFO[m] Running com.fasterxml.jackson.dataformat.xml.lists.[1mEmptyListDeserTest[m
[[1;34mINFO[m] [1;32mTests run: [0;1;32m5[m, Failures: 0, Errors: 0, Skipped: 0, Time elapsed: 0.011 s -- in com.fasterxml.jackson.dataformat.xml.lists.[1mEmptyListDeserTest[m
[[1;34mINFO[m] Running com.fasterxml.jackson.dataformat.xml.lists.[1mStringListRoundtripTest[m
[[1;34mINFO[m] [1;32mTests run: [0;1;32m6[m, Failures: 0, Errors: 0, Skipped: 0, Time elapsed: 0.047 s -- in com.fasterxml.jackson.dataformat.xml.lists.[1mStringListRoundtripTest[m
[[1;34mINFO[m] Running com.fasterxml.jackson.dataformat.xml.lists.[1mListDeser469Test[m
[[1;34mINFO[m] [1;32mTests run: [0;1;32m2[m, Failures: 0, Errors: 0, Skipped: 0, Time elapsed: 0.013 s -- in com.fasterxml.jackson.dataformat.xml.lists.[1mListDeser469Test[m
[[1;34mINFO[m] Running com.fasterxml.jackson.dataformat.xml.lists.[1mDeserializePolyList178Test[m
[[1;34mINFO[m] [1;32mTests run: [0;1;32m1[m, Failures: 0, Errors: 0, Skipped: 0, Time elapsed: 0 s -- in com.fasterxml.jackson.dataformat.xml.lists.[1mDeserializePolyList178Test[m
[[1;34mINFO[m] Running com.fasterxml.jackson.dataformat.xml.lists.[1mIssue101UnwrappedListAttributesTest[m
[[1;34mINFO[m] [1;32mTests run: [0;1;32m1[m, Failures: 0, Errors: 0, Skipped: 0, Time elapsed: 0.003 s -- in com.fasterxml.jackson.dataformat.xml.lists.[1mIssue101UnwrappedListAttributesTest[m
[[1;34mINFO[m] Running com.fasterxml.jackson.dataformat.xml.lists.[1mUnwrappedPolymorphicList490Test[m
[[1;34mINFO[m] [1;32mTests run: [0;1;32m1[m, Failures: 0, Errors: 0, Skipped: 0, Time elapsed: 0.003 s -- in com.fasterxml.jackson.dataformat.xml.lists.[1mUnwrappedPolymorphicList490Test[m
[[1;34mINFO[m] Running com.fasterxml.jackson.dataformat.xml.lists.[1mListAnnotationSharingTest[m
[[1;34mINFO[m] [1;32mTests run: [0;1;32m1[m, Failures: 0, Errors: 0, Skipped: 0, Time elapsed: 0.002 s -- in com.fasterxml.jackson.dataformat.xml.lists.[1mListAnnotationSharingTest[m
[[1;34mINFO[m] Running com.fasterxml.jackson.dataformat.xml.lists.[1mListSerializationTest[m
[[1;34mINFO[m] [1;32mTests run: [0;1;32m2[m, Failures: 0, Errors: 0, Skipped: 0, Time elapsed: 0.003 s -- in com.fasterxml.jackson.dataformat.xml.lists.[1mListSerializationTest[m
[[1;34mINFO[m] Running com.fasterxml.jackson.dataformat.xml.lists.[1mPolymorphicList97Test[m
[[1;34mINFO[m] [1;32mTests run: [0;1;32m2[m, Failures: 0, Errors: 0, Skipped: 0, Time elapsed: 0.033 s -- in com.fasterxml.jackson.dataformat.xml.lists.[1mPolymorphicList97Test[m
[[1;34mINFO[m] Running com.fasterxml.jackson.dataformat.xml.lists.[1mNestedUnwrappedLists180Test[m
[[1;34mINFO[m] [1;32mTests run: [0;1;32m1[m, Failures: 0, Errors: 0, Skipped: 0, Time elapsed: 0.004 s -- in com.fasterxml.jackson.dataformat.xml.lists.[1mNestedUnwrappedLists180Test[m
[[1;34mINFO[m] Running com.fasterxml.jackson.dataformat.xml.lists.[1mUnwrappedListWithEmptyCData129Test[m
[[1;34mINFO[m] [1;32mTests run: [0;1;32m1[m, Failures: 0, Errors: 0, Skipped: 0, Time elapsed: 0.002 s -- in com.fasterxml.jackson.dataformat.xml.lists.[1mUnwrappedListWithEmptyCData129Test[m
[[1;34mINFO[m] Running com.fasterxml.jackson.dataformat.xml.lists.[1mListDeser393Test[m
[[1;34mINFO[m] [1;32mTests run: [0;1;32m1[m, Failures: 0, Errors: 0, Skipped: 0, Time elapsed: 0.004 s -- in com.fasterxml.jackson.dataformat.xml.lists.[1mListDeser393Test[m
[[1;34mINFO[m] Running com.fasterxml.jackson.dataformat.xml.lists.[1mNestedUnwrappedListsTest[m
[[1;34mINFO[m] [1;32mTests run: [0;1;32m5[m, Failures: 0, Errors: 0, Skipped: 0, Time elapsed: 0.010 s -- in com.fasterxml.jackson.dataformat.xml.lists.[1mNestedUnwrappedListsTest[m
[[1;34mINFO[m] Running com.fasterxml.jackson.dataformat.xml.lists.[1mUnwrappedListsTest[m
[[1;34mINFO[m] [1;32mTests run: [0;1;32m5[m, Failures: 0, Errors: 0, Skipped: 0, Time elapsed: 0.024 s -- in com.fasterxml.jackson.dataformat.xml.lists.[1mUnwrappedListsTest[m
[[1;34mINFO[m] Running com.fasterxml.jackson.dataformat.xml.lists.[1mListDeser399Test[m
[[1;34mINFO[m] [1;32mTests run: [0;1;32m1[m, Failures: 0, Errors: 0, Skipped: 0, Time elapsed: 0.002 s -- in com.fasterxml.jackson.dataformat.xml.lists.[1mListDeser399Test[m
[[1;34mINFO[m] Running com.fasterxml.jackson.dataformat.xml.lists.[1mRootListHandlingTest[m
[[1;34mINFO[m] [1;32mTests run: [0;1;32m3[m, Failures: 0, Errors: 0, Skipped: 0, Time elapsed: 0.003 s -- in com.fasterxml.jackson.dataformat.xml.lists.[1mRootListHandlingTest[m
[[1;34mINFO[m] Running com.fasterxml.jackson.dataformat.xml.lists.[1mListRoundtripTest[m
[[1;34mINFO[m] [1;32mTests run: [0;1;32m3[m, Failures: 0, Errors: 0, Skipped: 0, Time elapsed: 0.024 s -- in com.fasterxml.jackson.dataformat.xml.lists.[1mListRoundtripTest[m
[[1;34mINFO[m] Running com.fasterxml.jackson.dataformat.xml.lists.[1mWrappedListsTest[m
[[1;34mINFO[m] [1;32mTests run: [0;1;32m1[m, Failures: 0, Errors: 0, Skipped: 0, Time elapsed: 0.007 s -- in com.fasterxml.jackson.dataformat.xml.lists.[1mWrappedListsTest[m
[[1;34mINFO[m] Running com.fasterxml.jackson.dataformat.xml.lists.[1mListAsObject76Test[m
[[1;34mINFO[m] [1;32mTests run: [0;1;32m1[m, Failures: 0, Errors: 0, Skipped: 0, Time elapsed: 0.007 s -- in com.fasterxml.jackson.dataformat.xml.lists.[1mListAsObject76Test[m
[[1;34mINFO[m] Running com.fasterxml.jackson.dataformat.xml.lists.[1mListDeserializationTest[m
[[1;34mINFO[m] [1;32mTests run: [0;1;32m11[m, Failures: 0, Errors: 0, Skipped: 0, Time elapsed: 0.021 s -- in com.fasterxml.jackson.dataformat.xml.lists.[1mListDeserializationTest[m
[[1;34mINFO[m] Running com.fasterxml.jackson.dataformat.xml.lists.[1mNestedUnwrappedLists86Test[m
[[1;34mINFO[m] [1;32mTests run: [0;1;32m1[m, Failures: 0, Errors: 0, Skipped: 0, Time elapsed: 0.004 s -- in com.fasterxml.jackson.dataformat.xml.lists.[1mNestedUnwrappedLists86Test[m
[[1;34mINFO[m] Running com.fasterxml.jackson.dataformat.xml.[1mRoundtripContentTest[m
[[1;34mINFO[m] [1;32mTests run: [0;1;32m1[m, Failures: 0, Errors: 0, Skipped: 0, Time elapsed: 0.025 s -- in com.fasterxml.jackson.dataformat.xml.[1mRoundtripContentTest[m
[[1;34mINFO[m] Running com.fasterxml.jackson.dataformat.xml.fuzz.[1mFuzz465_32906_CDataReadTest[m
[[1;34mINFO[m] [1;32mTests run: [0;1;32m1[m, Failures: 0, Errors: 0, Skipped: 0, Time elapsed: 0.014 s -- in com.fasterxml.jackson.dataformat.xml.fuzz.[1mFuzz465_32906_CDataReadTest[m
[[1;34mINFO[m] Running com.fasterxml.jackson.dataformat.xml.fuzz.[1mFuzzXXX_32969_UTF32Test[m
[[1;34mINFO[m] [1;32mTests run: [0;1;32m1[m, Failures: 0, Errors: 0, Skipped: 0, Time elapsed: 0.002 s -- in com.fasterxml.jackson.dataformat.xml.fuzz.[1mFuzzXXX_32969_UTF32Test[m
[[1;34mINFO[m] Running com.fasterxml.jackson.dataformat.xml.fuzz.[1mFuzz618_64655_InvalidXMLTest[m
[[1;34mINFO[m] [1;32mTests run: [0;1;32m3[m, Failures: 0, Errors: 0, Skipped: 0, Time elapsed: 0.001 s -- in com.fasterxml.jackson.dataformat.xml.fuzz.[1mFuzz618_64655_InvalidXMLTest[m
[[1;34mINFO[m] Running com.fasterxml.jackson.dataformat.xml.fuzz.[1mFuzz463_32872_XmlDeclTest[m
[[1;34mINFO[m] [1;32mTests run: [0;1;32m1[m, Failures: 0, Errors: 0, Skipped: 0, Time elapsed: 0.008 s -- in com.fasterxml.jackson.dataformat.xml.fuzz.[1mFuzz463_32872_XmlDeclTest[m
[[1;34mINFO[m] Running com.fasterxml.jackson.dataformat.xml.[1mFeatureDefaultsTest[m
[[1;34mINFO[m] [1;32mTests run: [0;1;32m2[m, Failures: 0, Errors: 0, Skipped: 0, Time elapsed: 0.002 s -- in com.fasterxml.jackson.dataformat.xml.[1mFeatureDefaultsTest[m
[[1;34mINFO[m] Running com.fasterxml.jackson.dataformat.xml.ser.[1mXsiNilSerializationTest[m
[[1;34mINFO[m] [1;32mTests run: [0;1;32m3[m, Failures: 0, Errors: 0, Skipped: 0, Time elapsed: 0.003 s -- in com.fasterxml.jackson.dataformat.xml.ser.[1mXsiNilSerializationTest[m
[[1;34mINFO[m] Running com.fasterxml.jackson.dataformat.xml.ser.[1mSerializationNameMergingTest[m
[[1;31mERROR[m] [1;31mTests [0;1mrun: [0;1m1[m, [1;31mFailures: [0;1;31m1[m, Errors: 0, Skipped: 0, Time elapsed: 0.002 s[1;31m <<< FAILURE![m -- in com.fasterxml.jackson.dataformat.xml.ser.[1mSerializationNameMergingTest[m
[[1;31mERROR[m] com.fasterxml.jackson.dataformat.xml.ser.SerializationNameMergingTest.testNamespaceMerging637 -- Time elapsed: 0 s <<< FAILURE!
junit.framework.ComparisonFailure: expected:<<NamesBean [xmlns:wstxns1="uri:ns1" wstxns1:]value="42"/>> but was:<<NamesBean []value="42"/>>
	at junit.framework.Assert.assertEquals(Assert.java:100)
	at junit.framework.Assert.assertEquals(Assert.java:107)
	at junit.framework.TestCase.assertEquals(TestCase.java:260)
	at com.fasterxml.jackson.dataformat.xml.ser.SerializationNameMergingTest.testNamespaceMerging637(SerializationNameMergingTest.java:26)
	at sun.reflect.NativeMethodAccessorImpl.invoke0(Native Method)
	at sun.reflect.NativeMethodAccessorImpl.invoke(NativeMethodAccessorImpl.java:62)
	at sun.reflect.DelegatingMethodAccessorImpl.invoke(DelegatingMethodAccessorImpl.java:43)
	at java.lang.reflect.Method.invoke(Method.java:498)
	at junit.framework.TestCase.runTest(TestCase.java:177)
	at junit.framework.TestCase.runBare(TestCase.java:142)
	at junit.framework.TestResult$1.protect(TestResult.java:122)
	at junit.framework.TestResult.runProtected(TestResult.java:142)
	at junit.framework.TestResult.run(TestResult.java:125)
	at junit.framework.TestCase.run(TestCase.java:130)
	at junit.framework.TestSuite.runTest(TestSuite.java:241)
	at junit.framework.TestSuite.run(TestSuite.java:236)
	at org.junit.internal.runners.JUnit38ClassRunner.run(JUnit38ClassRunner.java:90)
	at org.apache.maven.surefire.junit4.JUnit4Provider.execute(JUnit4Provider.java:316)
	at org.apache.maven.surefire.junit4.JUnit4Provider.executeWithRerun(JUnit4Provider.java:240)
	at org.apache.maven.surefire.junit4.JUnit4Provider.executeTestSet(JUnit4Provider.java:214)
	at org.apache.maven.surefire.junit4.JUnit4Provider.invoke(JUnit4Provider.java:155)
	at org.apache.maven.surefire.booter.ForkedBooter.runSuitesInProcess(ForkedBooter.java:385)
	at org.apache.maven.surefire.booter.ForkedBooter.execute(ForkedBooter.java:162)
	at org.apache.maven.surefire.booter.ForkedBooter.run(ForkedBooter.java:507)
	at org.apache.maven.surefire.booter.ForkedBooter.main(ForkedBooter.java:495)

[[1;34mINFO[m] Running com.fasterxml.jackson.dataformat.xml.ser.[1mTestXmlDeclaration[m
[[1;34mINFO[m] [1;32mTests run: [0;1;32m2[m, Failures: 0, Errors: 0, Skipped: 0, Time elapsed: 0.002 s -- in com.fasterxml.jackson.dataformat.xml.ser.[1mTestXmlDeclaration[m
[[1;34mINFO[m] Running com.fasterxml.jackson.dataformat.xml.ser.[1mIterationType302Test[m
[[1;34mINFO[m] [1;32mTests run: [0;1;32m7[m, Failures: 0, Errors: 0, Skipped: 0, Time elapsed: 0.007 s -- in com.fasterxml.jackson.dataformat.xml.ser.[1mIterationType302Test[m
[[1;34mINFO[m] Running com.fasterxml.jackson.dataformat.xml.ser.[1mCustomSerializerTest[m
[[1;34mINFO[m] [1;32mTests run: [0;1;32m1[m, Failures: 0, Errors: 0, Skipped: 0, Time elapsed: 0.001 s -- in com.fasterxml.jackson.dataformat.xml.ser.[1mCustomSerializerTest[m
[[1;34mINFO[m] Running com.fasterxml.jackson.dataformat.xml.ser.[1mTestSerializationOrdering[m
[[1;34mINFO[m] [1;32mTests run: [0;1;32m1[m, Failures: 0, Errors: 0, Skipped: 0, Time elapsed: 0.001 s -- in com.fasterxml.jackson.dataformat.xml.ser.[1mTestSerializationOrdering[m
[[1;34mINFO[m] Running com.fasterxml.jackson.dataformat.xml.ser.[1mRawValueSerializationTest[m
[[1;34mINFO[m] [1;32mTests run: [0;1;32m1[m, Failures: 0, Errors: 0, Skipped: 0, Time elapsed: 0.001 s -- in com.fasterxml.jackson.dataformat.xml.ser.[1mRawValueSerializationTest[m
[[1;34mINFO[m] Running com.fasterxml.jackson.dataformat.xml.ser.[1mTestJDKSerializability[m
[[1;34mINFO[m] [1;32mTests run: [0;1;32m2[m, Failures: 0, Errors: 0, Skipped: 0, Time elapsed: 0.108 s -- in com.fasterxml.jackson.dataformat.xml.ser.[1mTestJDKSerializability[m
[[1;34mINFO[m] Running com.fasterxml.jackson.dataformat.xml.ser.[1mXmlPrettyPrinterTest[m
[[1;34mINFO[m] [1;32mTests run: [0;1;32m9[m, Failures: 0, Errors: 0, Skipped: 0, Time elapsed: 0.025 s -- in com.fasterxml.jackson.dataformat.xml.ser.[1mXmlPrettyPrinterTest[m
[[1;34mINFO[m] Running com.fasterxml.jackson.dataformat.xml.ser.dos.[1mCyclicXMLDataSerTest[m
[[1;34mINFO[m] [1;32mTests run: [0;1;32m1[m, Failures: 0, Errors: 0, Skipped: 0, Time elapsed: 0.007 s -- in com.fasterxml.jackson.dataformat.xml.ser.dos.[1mCyclicXMLDataSerTest[m
[[1;34mINFO[m] Running com.fasterxml.jackson.dataformat.xml.ser.[1mTestBinaryStreamToXMLSerialization[m
[[1;34mINFO[m] [1;32mTests run: [0;1;32m5[m, Failures: 0, Errors: 0, Skipped: 0, Time elapsed: 0.012 s -- in com.fasterxml.jackson.dataformat.xml.ser.[1mTestBinaryStreamToXMLSerialization[m
[[1;34mINFO[m] Running com.fasterxml.jackson.dataformat.xml.ser.[1mPolymorphicSerialization389Test[m
[[1;34mINFO[m] [1;32mTests run: [0;1;32m1[m, Failures: 0, Errors: 0, Skipped: 0, Time elapsed: 0.001 s -- in com.fasterxml.jackson.dataformat.xml.ser.[1mPolymorphicSerialization389Test[m
[[1;34mINFO[m] Running com.fasterxml.jackson.dataformat.xml.ser.[1mTestNamespaces[m
[[1;34mINFO[m] [1;32mTests run: [0;1;32m5[m, Failures: 0, Errors: 0, Skipped: 0, Time elapsed: 0.013 s -- in com.fasterxml.jackson.dataformat.xml.ser.[1mTestNamespaces[m
[[1;34mINFO[m] Running com.fasterxml.jackson.dataformat.xml.ser.[1mTestSerializerCustom[m
[[1;34mINFO[m] [1;32mTests run: [0;1;32m1[m, Failures: 0, Errors: 0, Skipped: 0, Time elapsed: 0.003 s -- in com.fasterxml.jackson.dataformat.xml.ser.[1mTestSerializerCustom[m
[[1;34mINFO[m] Running com.fasterxml.jackson.dataformat.xml.ser.[1mJsonAppend578Test[m
[[1;34mINFO[m] [1;32mTests run: [0;1;32m1[m, Failures: 0, Errors: 0, Skipped: 0, Time elapsed: 0.002 s -- in com.fasterxml.jackson.dataformat.xml.ser.[1mJsonAppend578Test[m
[[1;34mINFO[m] Running com.fasterxml.jackson.dataformat.xml.ser.[1mXsiTypeWriteTest[m
[[1;34mINFO[m] [1;32mTests run: [0;1;32m4[m, Failures: 0, Errors: 0, Skipped: 0, Time elapsed: 0.016 s -- in com.fasterxml.jackson.dataformat.xml.ser.[1mXsiTypeWriteTest[m
[[1;34mINFO[m] Running com.fasterxml.jackson.dataformat.xml.ser.[1mTestSerializationWithFilter[m
[[1;34mINFO[m] [1;32mTests run: [0;1;32m1[m, Failures: 0, Errors: 0, Skipped: 0, Time elapsed: 0.001 s -- in com.fasterxml.jackson.dataformat.xml.ser.[1mTestSerializationWithFilter[m
[[1;34mINFO[m] Running com.fasterxml.jackson.dataformat.xml.ser.[1mTestSerialization[m
[[1;34mINFO[m] [1;32mTests run: [0;1;32m8[m, Failures: 0, Errors: 0, Skipped: 0, Time elapsed: 0.007 s -- in com.fasterxml.jackson.dataformat.xml.ser.[1mTestSerialization[m
[[1;34mINFO[m] Running com.fasterxml.jackson.dataformat.xml.ser.[1mTestSerializationAttr[m
[[1;34mINFO[m] [1;32mTests run: [0;1;32m4[m, Failures: 0, Errors: 0, Skipped: 0, Time elapsed: 0.003 s -- in com.fasterxml.jackson.dataformat.xml.ser.[1mTestSerializationAttr[m
[[1;34mINFO[m] Running com.fasterxml.jackson.dataformat.xml.ser.[1mTestSerializationManual[m
[[1;34mINFO[m] [1;32mTests run: [0;1;32m1[m, Failures: 0, Errors: 0, Skipped: 0, Time elapsed: 0.002 s -- in com.fasterxml.jackson.dataformat.xml.ser.[1mTestSerializationManual[m
[[1;34mINFO[m] Running com.fasterxml.jackson.dataformat.xml.ser.[1mBase64VariantWriteTest[m
[[1;34mINFO[m] [1;32mTests run: [0;1;32m2[m, Failures: 0, Errors: 0, Skipped: 0, Time elapsed: 0 s -- in com.fasterxml.jackson.dataformat.xml.ser.[1mBase64VariantWriteTest[m
[[1;34mINFO[m] Running com.fasterxml.jackson.dataformat.xml.ser.[1mEmptyPolymorphicTest[m
[[1;34mINFO[m] [1;32mTests run: [0;1;32m1[m, Failures: 0, Errors: 0, Skipped: 0, Time elapsed: 0 s -- in com.fasterxml.jackson.dataformat.xml.ser.[1mEmptyPolymorphicTest[m
[[1;34mINFO[m] Running com.fasterxml.jackson.dataformat.xml.node.[1mJsonNodeBasicDeserTest[m
[[1;34mINFO[m] [1;32mTests run: [0;1;32m3[m, Failures: 0, Errors: 0, Skipped: 0, Time elapsed: 0 s -- in com.fasterxml.jackson.dataformat.xml.node.[1mJsonNodeBasicDeserTest[m
[[1;34mINFO[m] Running com.fasterxml.jackson.dataformat.xml.node.[1mJsonNodeSerUnwrapped441Test[m
[[1;34mINFO[m] [1;32mTests run: [0;1;32m4[m, Failures: 0, Errors: 0, Skipped: 0, Time elapsed: 0.002 s -- in com.fasterxml.jackson.dataformat.xml.node.[1mJsonNodeSerUnwrapped441Test[m
[[1;34mINFO[m] Running com.fasterxml.jackson.dataformat.xml.node.[1mJsonNodeMixedContent403Test[m
[[1;34mINFO[m] [1;32mTests run: [0;1;32m5[m, Failures: 0, Errors: 0, Skipped: 0, Time elapsed: 0.006 s -- in com.fasterxml.jackson.dataformat.xml.node.[1mJsonNodeMixedContent403Test[m
[[1;34mINFO[m] Running com.fasterxml.jackson.dataformat.xml.vld.[1mRelaxNGValidationTest[m
[[1;34mINFO[m] [1;32mTests run: [0;1;32m2[m, Failures: 0, Errors: 0, Skipped: 0, Time elapsed: 0.143 s -- in com.fasterxml.jackson.dataformat.xml.vld.[1mRelaxNGValidationTest[m
[[1;34mINFO[m] Running com.fasterxml.jackson.dataformat.xml.vld.[1mW3CSchemaValidationTest[m
[[1;34mINFO[m] [1;32mTests run: [0;1;32m1[m, Failures: 0, Errors: 0, Skipped: 0, Time elapsed: 0.059 s -- in com.fasterxml.jackson.dataformat.xml.vld.[1mW3CSchemaValidationTest[m
[[1;34mINFO[m] Running com.fasterxml.jackson.dataformat.xml.vld.[1mDTDValidationTest[m
[[1;34mINFO[m] [1;32mTests run: [0;1;32m2[m, Failures: 0, Errors: 0, Skipped: 0, Time elapsed: 0.027 s -- in com.fasterxml.jackson.dataformat.xml.vld.[1mDTDValidationTest[m
[[1;34mINFO[m] Running com.fasterxml.jackson.dataformat.xml.[1mMapperCopyTest[m
[[1;34mINFO[m] [1;32mTests run: [0;1;32m4[m, Failures: 0, Errors: 0, Skipped: 0, Time elapsed: 0.017 s -- in com.fasterxml.jackson.dataformat.xml.[1mMapperCopyTest[m
[[1;34mINFO[m] Running com.fasterxml.jackson.dataformat.xml.woodstox.[1mNonNamespaceAwareDeser422Test[m
[[1;34mINFO[m] [1;32mTests run: [0;1;32m1[m, Failures: 0, Errors: 0, Skipped: 0, Time elapsed: 0.007 s -- in com.fasterxml.jackson.dataformat.xml.woodstox.[1mNonNamespaceAwareDeser422Test[m
[[1;34mINFO[m] Running com.fasterxml.jackson.dataformat.xml.woodstox.[1mDeepNestingWoodstoxParserTest[m
[[1;34mINFO[m] [1;32mTests run: [0;1;32m1[m, Failures: 0, Errors: 0, Skipped: 0, Time elapsed: 0.011 s -- in com.fasterxml.jackson.dataformat.xml.woodstox.[1mDeepNestingWoodstoxParserTest[m
[[1;34mINFO[m] 
[[1;34mINFO[m] Results:
[[1;34mINFO[m] 
[[1;31mERROR[m] [1;31mFailures: [m
[[1;31mERROR[m] [1;31m  SerializationNameMergingTest.testNamespaceMerging637:26 expected:<<NamesBean [xmlns:wstxns1="uri:ns1" wstxns1:]value="42"/>> but was:<<NamesBean []value="42"/>>[m
[[1;34mINFO[m] 
[[1;31mERROR[m] [1;31mTests run: 369, Failures: 1, Errors: 0, Skipped: 0[m
[[1;34mINFO[m] 
[[1;34mINFO[m] [1m------------------------------------------------------------------------[m
[[1;34mINFO[m] [1;31mBUILD FAILURE[m
[[1;34mINFO[m] [1m------------------------------------------------------------------------[m
[[1;34mINFO[m] Total time:  15.132 s
[[1;34mINFO[m] Finished at: 2026-01-31T14:24:20Z
[[1;34mINFO[m] [1m------------------------------------------------------------------------[m
[[1;31mERROR[m] Failed to execute goal [32morg.apache.maven.plugins:maven-surefire-plugin:3.2.5:test[m [1m(default-test)[m on project [36mjackson-dataformat-xml[m: [1;31mThere are test failures.[m
[[1;31mERROR[m] [1;31m[m
[[1;31mERROR[m] [1;31mPlease refer to /home/jackson-dataformat-xml/target/surefire-reports for the individual test results.[m
[[1;31mERROR[m] [1;31mPlease refer to dump files (if any exist) [date].dump, [date]-jvmRun[N].dump and [date].dumpstream.[m
[[1;31mERROR[m] -> [1m[Help 1][m
[[1;31mERROR[m] 
[[1;31mERROR[m] To see the full stack trace of the errors, re-run Maven with the [1m-e[m switch.
[[1;31mERROR[m] Re-run Maven using the [1m-X[m switch to enable full debug logging.
[[1;31mERROR[m] 
[[1;31mERROR[m] For more information about the errors and possible solutions, please read the following articles:
[[1;31mERROR[m] [1m[Help 1][m http://cwiki.apache.org/confluence/display/MAVEN/MojoFailureException
